This is pdfTeX, Version 3.14159265-2.6-1.40.18 (TeX Live 2017) (preloaded format=pdflatex 2017.5.23)  20 APR 2018 17:35
entering extended mode
 restricted \write18 enabled.
 file:line:error style messages enabled.
 %&-line parsing enabled.
**"Building a Dynamic Website For DSA.tex"
(./Building a Dynamic Website For DSA.tex
LaTeX2e <2017-04-15>
Babel <3.10> and hyphenation patterns for 84 language(s) loaded.
(/usr/local/texlive/2017/texmf-dist/tex/latex/base/article.cls
Document Class: article 2014/09/29 v1.4h Standard LaTeX document class
(/usr/local/texlive/2017/texmf-dist/tex/latex/base/size10.clo
File: size10.clo 2014/09/29 v1.4h Standard LaTeX file (size option)
)
\c@part=\count79
\c@section=\count80
\c@subsection=\count81
\c@subsubsection=\count82
\c@paragraph=\count83
\c@subparagraph=\count84
\c@figure=\count85
\c@table=\count86
\abovecaptionskip=\skip41
\belowcaptionskip=\skip42
\bibindent=\dimen102
)
(/usr/local/texlive/2017/texmf-dist/tex/latex/graphics/graphicx.sty
Package: graphicx 2014/10/28 v1.0g Enhanced LaTeX Graphics (DPC,SPQR)

(/usr/local/texlive/2017/texmf-dist/tex/latex/graphics/keyval.sty
Package: keyval 2014/10/28 v1.15 key=value parser (DPC)
\KV@toks@=\toks14
)
(/usr/local/texlive/2017/texmf-dist/tex/latex/graphics/graphics.sty
Package: graphics 2017/04/14 v1.1b Standard LaTeX Graphics (DPC,SPQR)

(/usr/local/texlive/2017/texmf-dist/tex/latex/graphics/trig.sty
Package: trig 2016/01/03 v1.10 sin cos tan (DPC)
)
(/usr/local/texlive/2017/texmf-dist/tex/latex/graphics-cfg/graphics.cfg
File: graphics.cfg 2016/06/04 v1.11 sample graphics configuration
)
Package graphics Info: Driver file: pdftex.def on input line 99.

(/usr/local/texlive/2017/texmf-dist/tex/latex/graphics-def/pdftex.def
File: pdftex.def 2017/01/12 v0.06k Graphics/color for pdfTeX

(/usr/local/texlive/2017/texmf-dist/tex/generic/oberdiek/infwarerr.sty
Package: infwarerr 2016/05/16 v1.4 Providing info/warning/error messages (HO)
)
(/usr/local/texlive/2017/texmf-dist/tex/generic/oberdiek/ltxcmds.sty
Package: ltxcmds 2016/05/16 v1.23 LaTeX kernel commands for general use (HO)
)
\Gread@gobject=\count87
))
\Gin@req@height=\dimen103
\Gin@req@width=\dimen104
)
(./Building a Dynamic Website For DSA.aux)
\openout1 = `"Building a Dynamic Website For DSA.aux"'.

LaTeX Font Info:    Checking defaults for OML/cmm/m/it on input line 22.
LaTeX Font Info:    ... okay on input line 22.
LaTeX Font Info:    Checking defaults for T1/cmr/m/n on input line 22.
LaTeX Font Info:    ... okay on input line 22.
LaTeX Font Info:    Checking defaults for OT1/cmr/m/n on input line 22.
LaTeX Font Info:    ... okay on input line 22.
LaTeX Font Info:    Checking defaults for OMS/cmsy/m/n on input line 22.
LaTeX Font Info:    ... okay on input line 22.
LaTeX Font Info:    Checking defaults for OMX/cmex/m/n on input line 22.
LaTeX Font Info:    ... okay on input line 22.
LaTeX Font Info:    Checking defaults for U/cmr/m/n on input line 22.
LaTeX Font Info:    ... okay on input line 22.

(/usr/local/texlive/2017/texmf-dist/tex/context/base/mkii/supp-pdf.mkii
[Loading MPS to PDF converter (version 2006.09.02).]
\scratchcounter=\count88
\scratchdimen=\dimen105
\scratchbox=\box26
\nofMPsegments=\count89
\nofMParguments=\count90
\everyMPshowfont=\toks15
\MPscratchCnt=\count91
\MPscratchDim=\dimen106
\MPnumerator=\count92
\makeMPintoPDFobject=\count93
\everyMPtoPDFconversion=\toks16
) (/usr/local/texlive/2017/texmf-dist/tex/generic/oberdiek/pdftexcmds.sty
Package: pdftexcmds 2017/03/19 v0.25 Utility functions of pdfTeX for LuaTeX (HO
)

(/usr/local/texlive/2017/texmf-dist/tex/generic/oberdiek/ifluatex.sty
Package: ifluatex 2016/05/16 v1.4 Provides the ifluatex switch (HO)
Package ifluatex Info: LuaTeX not detected.
)
(/usr/local/texlive/2017/texmf-dist/tex/generic/oberdiek/ifpdf.sty
Package: ifpdf 2017/03/15 v3.2 Provides the ifpdf switch
)
Package pdftexcmds Info: LuaTeX not detected.
Package pdftexcmds Info: \pdf@primitive is available.
Package pdftexcmds Info: \pdf@ifprimitive is available.
Package pdftexcmds Info: \pdfdraftmode found.
)
(/usr/local/texlive/2017/texmf-dist/tex/latex/oberdiek/epstopdf-base.sty
Package: epstopdf-base 2016/05/15 v2.6 Base part for package epstopdf

(/usr/local/texlive/2017/texmf-dist/tex/latex/oberdiek/grfext.sty
Package: grfext 2016/05/16 v1.2 Manage graphics extensions (HO)

(/usr/local/texlive/2017/texmf-dist/tex/generic/oberdiek/kvdefinekeys.sty
Package: kvdefinekeys 2016/05/16 v1.4 Define keys (HO)
))
(/usr/local/texlive/2017/texmf-dist/tex/latex/oberdiek/kvoptions.sty
Package: kvoptions 2016/05/16 v3.12 Key value format for package options (HO)

(/usr/local/texlive/2017/texmf-dist/tex/generic/oberdiek/kvsetkeys.sty
Package: kvsetkeys 2016/05/16 v1.17 Key value parser (HO)

(/usr/local/texlive/2017/texmf-dist/tex/generic/oberdiek/etexcmds.sty
Package: etexcmds 2016/05/16 v1.6 Avoid name clashes with e-TeX commands (HO)
Package etexcmds Info: Could not find \expanded.
(etexcmds)             That can mean that you are not using pdfTeX 1.50 or
(etexcmds)             that some package has redefined \expanded.
(etexcmds)             In the latter case, load this package earlier.
)))
Package epstopdf-base Info: Redefining graphics rule for `.eps' on input line 4
38.
Package grfext Info: Graphics extension search list:
(grfext)             [.png,.pdf,.jpg,.mps,.jpeg,.jbig2,.jb2,.PNG,.PDF,.JPG,.JPE
G,.JBIG2,.JB2,.eps]
(grfext)             \AppendGraphicsExtensions on input line 456.

(/usr/local/texlive/2017/texmf-dist/tex/latex/latexconfig/epstopdf-sys.cfg
File: epstopdf-sys.cfg 2010/07/13 v1.3 Configuration of (r)epstopdf for TeX Liv
e
))
LaTeX Font Info:    External font `cmex10' loaded for size
(Font)              <12> on input line 25.
LaTeX Font Info:    External font `cmex10' loaded for size
(Font)              <8> on input line 25.
LaTeX Font Info:    External font `cmex10' loaded for size
(Font)              <6> on input line 25.
LaTeX Font Info:    Try loading font information for OMS+cmr on input line 25.

(/usr/local/texlive/2017/texmf-dist/tex/latex/base/omscmr.fd
File: omscmr.fd 2014/09/29 v2.5h Standard LaTeX font definitions
)
LaTeX Font Info:    Font shape `OMS/cmr/m/n' in size <8> not available
(Font)              Font shape `OMS/cmsy/m/n' tried instead on input line 25.

Overfull \hbox (25.72627pt too wide) in paragraph at lines 25--25
 [][] 
 []

LaTeX Font Info:    External font `cmex10' loaded for size
(Font)              <5> on input line 25.
LaTeX Font Info:    Font shape `OMS/cmr/m/n' in size <6> not available
(Font)              Font shape `OMS/cmsy/m/n' tried instead on input line 25.
[1

{/usr/local/texlive/2017/texmf-var/fonts/map/pdftex/updmap/pdftex.map}]
[1]
Overfull \hbox (3.1203pt too wide) in paragraph at lines 52--52
 \OT1/cmr/bx/n/10 To choose the ap-pro-pri-ate data struc-ture and al-go-rithm 
de-sign method
 []

[2]
LaTeX Font Info:    Font shape `OMS/cmr/m/n' in size <10> not available
(Font)              Font shape `OMS/cmsy/m/n' tried instead on input line 58.
 [3] [4]
Overfull \hbox (8.73976pt too wide) in paragraph at lines 102--102
\OT1/cmr/bx/n/10 oped by Dig-i-tal Equip-ment Cor-po-ra-tion's Sys-tems Re-sear
ch Center[[]].
 []

[5] [6] [7]
Overfull \hbox (34.87071pt too wide) in paragraph at lines 137--137
[]\OT1/cmr/bx/n/12 Multimedia-interactive Sys-tems (VI-SU-AL-IZA-TION TOOL) 
 []


Overfull \hbox (4.80507pt too wide) in paragraph at lines 140--140
 \OT1/cmr/bx/n/10 [[]]Andrade et al (2008) com-pared three dif-fer-ent teach-in
g ap-proaches,
 []


Overfull \hbox (13.47714pt too wide) in paragraph at lines 140--140
\OT1/cmr/bx/n/10 namely, tra-di-tional teacher led in-struc-tion, Web pages and
 a multimedia-
 []

[8] <./sample.png, id=41, 439.6425pt x 444.66125pt>
File: ./sample.png Graphic file (type png)
 <use ./sample.png>
Package pdftex.def Info: ./sample.png used on input line 143.
(pdftex.def)             Requested size: 345.0pt x 348.95128pt.

Overfull \hbox (30.44435pt too wide) in paragraph at lines 143--144
 \OT1/cmr/bx/n/10 fig 1[] [] 
 []


Underfull \hbox (badness 10000) in paragraph at lines 143--144

 []

<./site.png, id=43, 1203.49625pt x 733.74126pt>
File: ./site.png Graphic file (type png)
 <use ./site.png>
Package pdftex.def Info: ./site.png used on input line 154.
(pdftex.def)             Requested size: 345.0pt x 210.33879pt.

Overfull \hbox (90.92783pt too wide) in paragraph at lines 154--155
 \OT1/cmr/bx/n/10 fig 2. Home-page[] [] 
 []


Underfull \hbox (badness 10000) in paragraph at lines 154--155

 []

[9 <./sample.png>] <./csoutline.png, id=48, 1216.545pt x 758.835pt>
File: ./csoutline.png Graphic file (type png)

<use ./csoutline.png>
Package pdftex.def Info: ./csoutline.png used on input line 159.
(pdftex.def)             Requested size: 345.0pt x 215.19339pt.

Overfull \hbox (113.41522pt too wide) in paragraph at lines 159--160
 \OT1/cmr/bx/n/10 fig 3. Course Out-line[] [] 
 []


Underfull \hbox (badness 10000) in paragraph at lines 159--160

 []

<./search.png, id=49, 1196.47pt x 711.65875pt>
File: ./search.png Graphic file (type png)
 <use ./search.png>
Package pdftex.def Info: ./search.png used on input line 163.
(pdftex.def)             Requested size: 345.0pt x 205.20297pt.

Overfull \hbox (71.49043pt too wide) in paragraph at lines 163--164
 \OT1/cmr/bx/n/10 fig 4. Search[] [] 
 []


Underfull \hbox (badness 10000) in paragraph at lines 163--164

 []

[10 <./site.png> <./csoutline.png>]
<./linear.png, id=55, 1203.49625pt x 740.7675pt>
File: ./linear.png Graphic file (type png)
 <use ./linear.png>
Package pdftex.def Info: ./linear.png used on input line 167.
(pdftex.def)             Requested size: 345.0pt x 212.35297pt.

Overfull \hbox (88.18478pt too wide) in paragraph at lines 167--168
 \OT1/cmr/bx/n/10 fig 5. Lin-ear DS[] [] 
 []


Underfull \hbox (badness 10000) in paragraph at lines 167--168

 []

<./sort.jpg, id=56, 1181.41376pt x 737.75626pt>
File: ./sort.jpg Graphic file (type jpg)
 <use ./sort.jpg>
Package pdftex.def Info: ./sort.jpg used on input line 171.
(pdftex.def)             Requested size: 345.0pt x 215.44104pt.

Overfull \hbox (75.00432pt too wide) in paragraph at lines 171--172
 \OT1/cmr/bx/n/10 fig 6. Sort-ing[] [] 
 []


Underfull \hbox (badness 10000) in paragraph at lines 171--172

 []

[11 <./search.png> <./linear.png>]
<./record.png, id=62, 1191.45125pt x 627.34375pt>
File: ./record.png Graphic file (type png)
 <use ./record.png>
Package pdftex.def Info: ./record.png used on input line 175.
(pdftex.def)             Requested size: 345.0pt x 181.657pt.

Overfull \hbox (78.74179pt too wide) in paragraph at lines 175--176
 \OT1/cmr/bx/n/10 fig 7. Records[] [] 
 []


Underfull \hbox (badness 10000) in paragraph at lines 175--176

 []

<./recursion.png, id=63, 1178.4025pt x 751.80875pt>
File: ./recursion.png Graphic file (type png)
 <use ./recursion.png>
Package pdftex.def Info: ./recursion.png used on input line 180.
(pdftex.def)             Requested size: 345.0pt x 220.10678pt.

Overfull \hbox (88.32507pt too wide) in paragraph at lines 180--181
 \OT1/cmr/bx/n/10 fig 8. Re-cur-sion[] [] 
 []


Underfull \hbox (badness 10000) in paragraph at lines 180--181

 []

[12 <./sort.jpg> <./record.png>]
<./team.png, id=70, 1211.52625pt x 681.54625pt>
File: ./team.png Graphic file (type png)
 <use ./team.png>
Package pdftex.def Info: ./team.png used on input line 185.
(pdftex.def)             Requested size: 345.0pt x 194.07631pt.

Overfull \hbox (88.12923pt too wide) in paragraph at lines 185--186
 \OT1/cmr/bx/n/10 fig 8. Our Team[] [] 
 []


Underfull \hbox (badness 10000) in paragraph at lines 185--186

 []

[13 <./recursion.png> <./team.png>]
Overfull \hbox (1.52588pt too wide) in paragraph at lines 199--199
\OT1/cmr/bx/n/10 year com-puter sci-ence stu-dents learn Data Struc-tures and A
l-go-rithms.[] 
 []

[14] (./Building a Dynamic Website For DSA.bbl [15]) [16]
(./Building a Dynamic Website For DSA.aux) ) 
Here is how much of TeX's memory you used:
 1593 strings out of 492995
 23479 string characters out of 6132704
 83688 words of memory out of 5000000
 5137 multiletter control sequences out of 15000+600000
 8588 words of font info for 30 fonts, out of 8000000 for 9000
 1141 hyphenation exceptions out of 8191
 39i,12n,25p,1543b,330s stack positions out of 5000i,500n,10000p,200000b,80000s
</usr/local/texlive/2017/texmf-dist
/fonts/type1/public/amsfonts/cm/cmbx10.pfb></usr/local/texlive/2017/texmf-dist/
fonts/type1/public/amsfonts/cm/cmbx12.pfb></usr/local/texlive/2017/texmf-dist/f
onts/type1/public/amsfonts/cm/cmr10.pfb></usr/local/texlive/2017/texmf-dist/fon
ts/type1/public/amsfonts/cm/cmr12.pfb></usr/local/texlive/2017/texmf-dist/fonts
/type1/public/amsfonts/cm/cmr17.pfb></usr/local/texlive/2017/texmf-dist/fonts/t
ype1/public/amsfonts/cm/cmr8.pfb></usr/local/texlive/2017/texmf-dist/fonts/type
1/public/amsfonts/cm/cmsy10.pfb></usr/local/texlive/2017/texmf-dist/fonts/type1
/public/amsfonts/cm/cmsy6.pfb></usr/local/texlive/2017/texmf-dist/fonts/type1/p
ublic/amsfonts/cm/cmsy8.pfb></usr/local/texlive/2017/texmf-dist/fonts/type1/pub
lic/amsfonts/cm/cmti10.pfb></usr/local/texlive/2017/texmf-dist/fonts/type1/publ
ic/amsfonts/cm/cmti12.pfb>
Output written on "Building a Dynamic Website For DSA.pdf" (17 pages, 2120502 b
ytes).
PDF statistics:
 122 PDF objects out of 1000 (max. 8388607)
 73 compressed objects within 1 object stream
 0 named destinations out of 1000 (max. 500000)
 46 words of extra memory for PDF output out of 10000 (max. 10000000)

